<?xml version="1.0" encoding="UTF-8"?>
<testng-results skipped="0" failed="0" ignored="0" total="1" passed="1">
  <reporter-output>
  </reporter-output>
  <suite name="Default suite" duration-ms="1877" started-at="2017-08-23T01:33:23Z" finished-at="2017-08-23T01:33:25Z">
    <groups>
    </groups>
    <test name="Default test" duration-ms="1877" started-at="2017-08-23T01:33:23Z" finished-at="2017-08-23T01:33:25Z">
      <class name="org.ipay.Tester">
        <test-method status="PASS" signature="springTestContextBeforeTestClass()[pri:0, instance:org.ipay.Tester@103f852]" name="springTestContextBeforeTestClass" is-config="true" duration-ms="7" started-at="2017-08-23T09:33:23Z" finished-at="2017-08-23T09:33:23Z">
          <reporter-output>
          </reporter-output>
        </test-method> <!-- springTestContextBeforeTestClass -->
        <test-method status="PASS" signature="springTestContextPrepareTestInstance()[pri:0, instance:org.ipay.Tester@103f852]" name="springTestContextPrepareTestInstance" is-config="true" duration-ms="667" started-at="2017-08-23T09:33:23Z" depends-on-methods="org.springframework.test.context.testng.AbstractTestNGSpringContextTests.springTestContextBeforeTestClass" finished-at="2017-08-23T09:33:23Z">
          <reporter-output>
          </reporter-output>
        </test-method> <!-- springTestContextPrepareTestInstance -->
        <test-method status="PASS" signature="springTestContextBeforeTestMethod(java.lang.reflect.Method)[pri:0, instance:org.ipay.Tester@103f852]" name="springTestContextBeforeTestMethod" is-config="true" duration-ms="1" started-at="2017-08-23T09:33:23Z" finished-at="2017-08-23T09:33:23Z">
          <params>
            <param index="0">
              <value>
                <![CDATA[public void org.ipay.Tester.AAA()]]>
              </value>
            </param>
          </params>
          <reporter-output>
          </reporter-output>
        </test-method> <!-- springTestContextBeforeTestMethod -->
        <test-method status="PASS" signature="AAA()[pri:0, instance:org.ipay.Tester@103f852]" name="AAA" duration-ms="1188" started-at="2017-08-23T09:33:23Z" finished-at="2017-08-23T09:33:25Z">
          <reporter-output>
          </reporter-output>
        </test-method> <!-- AAA -->
        <test-method status="PASS" signature="springTestContextAfterTestMethod(java.lang.reflect.Method)[pri:0, instance:org.ipay.Tester@103f852]" name="springTestContextAfterTestMethod" is-config="true" duration-ms="1" started-at="2017-08-23T09:33:25Z" finished-at="2017-08-23T09:33:25Z">
          <params>
            <param index="0">
              <value>
                <![CDATA[public void org.ipay.Tester.AAA()]]>
              </value>
            </param>
          </params>
          <reporter-output>
          </reporter-output>
        </test-method> <!-- springTestContextAfterTestMethod -->
        <test-method status="PASS" signature="springTestContextAfterTestClass()[pri:0, instance:org.ipay.Tester@103f852]" name="springTestContextAfterTestClass" is-config="true" duration-ms="0" started-at="2017-08-23T09:33:25Z" finished-at="2017-08-23T09:33:25Z">
          <reporter-output>
          </reporter-output>
        </test-method> <!-- springTestContextAfterTestClass -->
      </class> <!-- org.ipay.Tester -->
    </test> <!-- Default test -->
  </suite> <!-- Default suite -->
</testng-results>
